<?xml version="1.0" encoding="UTF-8"?>
<!-- Generated by org.testng.reporters.JUnitReportReporter -->
<testsuite hostname="ICPL12742" name="icpl.AutomationTestAssignment.FirstAssignment.FlightBookingAdvance" tests="2" failures="0" timestamp="20 Dec 2017 08:39:27 GMT" time="13.644" errors="0">
  <testcase name="searchFlight" time="13.615" classname="icpl.AutomationTestAssignment.FirstAssignment.FlightBookingAdvance"/>
  <testcase name="validateResult" time="0.029" classname="icpl.AutomationTestAssignment.FirstAssignment.FlightBookingAdvance"/>
</testsuite> <!-- icpl.AutomationTestAssignment.FirstAssignment.FlightBookingAdvance -->
