<?xml version="1.0" encoding="UTF-8"?>
<!-- Generated by org.testng.reporters.JUnitReportReporter -->
<testsuite hostname="ICPL12742" name="icpl.AutomationTestAssignment.FirstAssignment.FlightBookingWithTestNG" tests="6" failures="0" timestamp="8 Jan 2018 05:31:20 GMT" time="73.461" errors="0">
  <testcase name="searchFlight" time="16.161" classname="icpl.AutomationTestAssignment.FirstAssignment.FlightBookingWithTestNG"/>
  <testcase name="launchSite" time="17.234" classname="icpl.AutomationTestAssignment.FirstAssignment.FlightBookingWithTestNG"/>
  <testcase name="launchSite" time="25.137" classname="icpl.AutomationTestAssignment.FirstAssignment.FlightBookingWithTestNG"/>
  <testcase name="validateResult" time="0.073" classname="icpl.AutomationTestAssignment.FirstAssignment.FlightBookingWithTestNG"/>
  <testcase name="searchFlight" time="14.841" classname="icpl.AutomationTestAssignment.FirstAssignment.FlightBookingWithTestNG"/>
  <testcase name="validateResult" time="0.015" classname="icpl.AutomationTestAssignment.FirstAssignment.FlightBookingWithTestNG"/>
</testsuite> <!-- icpl.AutomationTestAssignment.FirstAssignment.FlightBookingWithTestNG -->
